\BOOKMARK [0][-]{section*.1}{\376\377\000E\000i\000d\000e\000s\000s\000t\000a\000t\000t\000l\000i\000c\000h\000e\000\040\000E\000r\000k\000l\000\344\000r\000u\000n\000g}{}% 1
\BOOKMARK [0][-]{chapter.7}{\376\377\000E\000i\000n\000l\000e\000i\000t\000u\000n\000g}{}% 2
\BOOKMARK [1][-]{section.8}{\376\377\000P\000r\000o\000j\000e\000k\000t\000\374\000b\000e\000r\000s\000i\000c\000h\000t}{chapter.7}% 3
\BOOKMARK [2][-]{subsection.9}{\376\377\000M\000o\000t\000i\000v\000a\000t\000i\000o\000n}{section.8}% 4
\BOOKMARK [2][-]{subsection.10}{\376\377\000P\000r\000o\000j\000e\000k\000t\000i\000d\000e\000e}{section.8}% 5
\BOOKMARK [1][-]{section.11}{\376\377\000Z\000e\000i\000t\000p\000l\000a\000n}{chapter.7}% 6
\BOOKMARK [1][-]{section.12}{\376\377\000F\000e\000a\000t\000u\000r\000e\000s}{chapter.7}% 7
\BOOKMARK [0][-]{chapter.13}{\376\377\000G\000r\000u\000n\000d\000l\000a\000g\000e\000n}{}% 8
\BOOKMARK [1][-]{section.14}{\376\377\000U\000n\000i\000t\000y}{chapter.13}% 9
\BOOKMARK [2][-]{subsection.15}{\376\377\000C\000\043}{section.14}% 10
\BOOKMARK [2][-]{subsection.16}{\376\377\000A\000u\000g\000m\000e\000n\000t\000e\000d\000\040\000R\000e\000a\000l\000i\000t\000y\000\040\000\050\000A\000R\000\051}{section.14}% 11
\BOOKMARK [2][-]{subsection.17}{\376\377\000A\000R\000\040\000F\000o\000u\000n\000d\000a\000t\000o\000i\000n\000\040\000\046\000\040\000A\000R\000C\000o\000r\000e}{section.14}% 12
\BOOKMARK [2][-]{subsection.18}{\376\377\000V\000u\000f\000o\000r\000i\000a}{section.14}% 13
\BOOKMARK [1][-]{section.19}{\376\377\000M\000y\000S\000Q\000L}{chapter.13}% 14
\BOOKMARK [1][-]{section.20}{\376\377\000P\000H\000P}{chapter.13}% 15
\BOOKMARK [1][-]{section.21}{\376\377\000G\000i\000t\000\040\000L\000F\000S}{chapter.13}% 16
\BOOKMARK [0][-]{chapter.22}{\376\377\000E\000n\000t\000w\000u\000r\000f}{}% 17
\BOOKMARK [1][-]{section.23}{\376\377\000M\000a\000i\000n\000\040\000S\000e\000c\000t\000i\000o\000n\000\040\0001}{chapter.22}% 18
\BOOKMARK [2][-]{subsection.24}{\376\377\000S\000u\000b\000s\000e\000c\000t\000i\000o\000n\000\040\0001}{section.23}% 19
\BOOKMARK [2][-]{subsection.25}{\376\377\000S\000u\000b\000s\000e\000c\000t\000i\000o\000n\000\040\0002}{section.23}% 20
\BOOKMARK [1][-]{section.26}{\376\377\000M\000a\000i\000n\000\040\000S\000e\000c\000t\000i\000o\000n\000\040\0002}{chapter.22}% 21
\BOOKMARK [0][-]{chapter.27}{\376\377\000I\000m\000p\000l\000e\000m\000e\000n\000t\000i\000e\000r\000u\000n\000g}{}% 22
\BOOKMARK [1][-]{section.28}{\376\377\000M\000a\000i\000n\000\040\000S\000e\000c\000t\000i\000o\000n\000\040\0001}{chapter.27}% 23
\BOOKMARK [2][-]{subsection.29}{\376\377\000S\000u\000b\000s\000e\000c\000t\000i\000o\000n\000\040\0001}{section.28}% 24
\BOOKMARK [2][-]{subsection.30}{\376\377\000S\000u\000b\000s\000e\000c\000t\000i\000o\000n\000\040\0002}{section.28}% 25
\BOOKMARK [1][-]{section.31}{\376\377\000M\000a\000i\000n\000\040\000S\000e\000c\000t\000i\000o\000n\000\040\0002}{chapter.27}% 26
\BOOKMARK [0][-]{chapter.32}{\376\377\000Z\000u\000s\000a\000m\000m\000e\000n\000f\000a\000s\000s\000u\000n\000g}{}% 27
\BOOKMARK [1][-]{section.33}{\376\377\000M\000a\000i\000n\000\040\000S\000e\000c\000t\000i\000o\000n\000\040\0001}{chapter.32}% 28
\BOOKMARK [2][-]{subsection.34}{\376\377\000S\000u\000b\000s\000e\000c\000t\000i\000o\000n\000\040\0001}{section.33}% 29
\BOOKMARK [2][-]{subsection.35}{\376\377\000S\000u\000b\000s\000e\000c\000t\000i\000o\000n\000\040\0002}{section.33}% 30
\BOOKMARK [1][-]{section.36}{\376\377\000M\000a\000i\000n\000\040\000S\000e\000c\000t\000i\000o\000n\000\040\0002}{chapter.32}% 31
\BOOKMARK [0][-]{chapter.37}{\376\377\000F\000a\000z\000i\000t}{}% 32
\BOOKMARK [1][-]{section.38}{\376\377\000M\000a\000i\000n\000\040\000S\000e\000c\000t\000i\000o\000n\000\040\0001}{chapter.37}% 33
\BOOKMARK [2][-]{subsection.39}{\376\377\000S\000u\000b\000s\000e\000c\000t\000i\000o\000n\000\040\0001}{section.38}% 34
\BOOKMARK [2][-]{subsection.40}{\376\377\000S\000u\000b\000s\000e\000c\000t\000i\000o\000n\000\040\0002}{section.38}% 35
\BOOKMARK [1][-]{section.41}{\376\377\000M\000a\000i\000n\000\040\000S\000e\000c\000t\000i\000o\000n\000\040\0002}{chapter.37}% 36
